0 info it worked if it ends with ok
1 verbose cli [ 'C:\\Program Files\\nodejs\\node.exe',
1 verbose cli   'C:\\Program Files\\nodejs\\node_modules\\npm\\bin\\npm-cli.js',
1 verbose cli   'test' ]
2 info using npm@3.10.10
3 info using node@v6.11.0
4 verbose run-script [ 'pretest', 'test', 'posttest' ]
5 info lifecycle karma-starter-pack@1.0.1~pretest: karma-starter-pack@1.0.1
6 silly lifecycle karma-starter-pack@1.0.1~pretest: no script for pretest, continuing
7 info lifecycle karma-starter-pack@1.0.1~test: karma-starter-pack@1.0.1
8 verbose lifecycle karma-starter-pack@1.0.1~test: unsafe-perm in lifecycle true
9 verbose lifecycle karma-starter-pack@1.0.1~test: PATH: C:\Users\KeveshaB\AppData\Roaming\nvm\v6.11.0\node_modules\npm\bin\node-gyp-bin;C:\Kevesha\Katas\Js\StringKata\node_modules\.bin;C:\Program Files\Docker\Docker\Resources\bin;C:\Program Files\Microsoft MPI\Bin\;C:\Program Files\iis express\PHP\v7.1;C:\Program Files\PHP\v7.1;C:\ProgramData\Oracle\Java\javapath;C:\Windows\system32;C:\Windows;C:\Windows\System32\Wbem;C:\Windows\System32\WindowsPowerShell\v1.0\;C:\ProgramData\chocolatey\bin;C:\HashiCorp\Vagrant\bin;C:\Program Files\Microsoft\Web Platform Installer\;C:\Program Files (x86)\Microsoft ASP.NET\ASP.NET Web Pages\v1.0\;C:\Users\KeveshaB\.dnx\bin;C:\Program Files\Microsoft DNX\Dnvm\;C:\Users\KeveshaB\AppData\Local\Microsoft\WindowsApps;C:\Users\KeveshaB\AppData\Roaming\npm;C:\Program Files (x86)\Microsoft SQL Server\110\Tools\Binn\;C:\Program Files\Microsoft SQL Server\110\Tools\Binn\;C:\Program Files\Microsoft SQL Server\110\DTS\Binn\;C:\Program Files (x86)\Microsoft SQL Server\110\Tools\Binn\ManagementStudio\;C:\Program Files (x86)\Microsoft Visual Studio 10.0\Common7\IDE\PrivateAssemblies\;C:\Program Files (x86)\Microsoft SQL Server\110\DTS\Binn\;C:\Program Files\Microsoft SQL Server\130\Tools\Binn\;C:\Program Files\dotnet\;C:\Program Files (x86)\GtkSharp\2.12\bin;C:\Program Files (x86)\Microsoft Emulator Manager\1.0\;C:\Program Files\Microsoft SQL Server\120\Tools\Binn\;%NVM_HOME%;%NVM_SYMLINK%;C:\Program Files (x86)\Xoreax\IncrediBuild;C:\Program Files\Git\cmd;C:\Program Files (x86)\Microsoft VS Code\bin;C:\Users\KeveshaB\AppData\Roaming\nvm;C:\Program Files\nodejs
10 verbose lifecycle karma-starter-pack@1.0.1~test: CWD: C:\Kevesha\Katas\Js\StringKata
11 silly lifecycle karma-starter-pack@1.0.1~test: Args: [ '/d /s /c', 'karma start' ]
12 silly lifecycle karma-starter-pack@1.0.1~test: Returned: code: 3221225786  signal: null
13 info lifecycle karma-starter-pack@1.0.1~test: Failed to exec test script
14 error Test failed.  See above for more details.
15 verbose exit [ 1, true ]
16 verbose stack Error: kill ENOSYS
16 verbose stack     at exports._errnoException (util.js:1018:11)
16 verbose stack     at process.kill (internal/process.js:190:13)
16 verbose stack     at process.listener (C:\Users\KeveshaB\AppData\Roaming\nvm\v6.11.0\node_modules\npm\node_modules\npmlog\node_modules\gauge\node_modules\signal-exit\index.js:86:15)
16 verbose stack     at emitNone (events.js:91:20)
16 verbose stack     at process.emit (events.js:185:7)
16 verbose stack     at processEmit (C:\Users\KeveshaB\AppData\Roaming\nvm\v6.11.0\node_modules\npm\node_modules\npmlog\node_modules\gauge\node_modules\signal-exit\index.js:146:32)
16 verbose stack     at processEmit (C:\Users\KeveshaB\AppData\Roaming\nvm\v6.11.0\node_modules\npm\node_modules\npm-registry-client\node_modules\npmlog\node_modules\gauge\node_modules\signal-exit\index.js:146:32)
16 verbose stack     at Signal.wrap.onsignal (internal/process.js:217:44)
17 verbose cwd C:\Kevesha\Katas\Js\StringKata
18 error Windows_NT 10.0.14393
19 error argv "C:\\Program Files\\nodejs\\node.exe" "C:\\Program Files\\nodejs\\node_modules\\npm\\bin\\npm-cli.js" "test"
20 error node v6.11.0
21 error npm  v3.10.10
22 error code ENOSYS
23 error errno ENOSYS
24 error syscall kill
25 error kill ENOSYS
26 error If you need help, you may report this error at:
26 error     <https://github.com/npm/npm/issues>
27 verbose exit [ 1, true ]
